mode: set
projects/GoLang-Interns-2022/authorbook/service/authorservice/authorsvc.go:15.46,17.2 1 1
projects/GoLang-Interns-2022/authorbook/service/authorservice/authorsvc.go:19.79,20.43 1 1
projects/GoLang-Interns-2022/authorbook/service/authorservice/authorsvc.go:24.2,30.15 3 1
projects/GoLang-Interns-2022/authorbook/service/authorservice/authorsvc.go:20.43,22.3 1 1
projects/GoLang-Interns-2022/authorbook/service/authorservice/authorsvc.go:33.32,39.9 5 1
projects/GoLang-Interns-2022/authorbook/service/authorservice/authorsvc.go:48.2,48.13 1 1
projects/GoLang-Interns-2022/authorbook/service/authorservice/authorsvc.go:40.28,41.15 1 1
projects/GoLang-Interns-2022/authorbook/service/authorservice/authorsvc.go:42.32,43.15 1 1
projects/GoLang-Interns-2022/authorbook/service/authorservice/authorsvc.go:44.17,45.15 1 1
projects/GoLang-Interns-2022/authorbook/service/authorservice/authorsvc.go:52.78,53.43 1 1
projects/GoLang-Interns-2022/authorbook/service/authorservice/authorsvc.go:57.2,63.15 3 1
projects/GoLang-Interns-2022/authorbook/service/authorservice/authorsvc.go:53.43,55.3 1 1
projects/GoLang-Interns-2022/authorbook/service/authorservice/authorsvc.go:67.58,68.12 1 1
projects/GoLang-Interns-2022/authorbook/service/authorservice/authorsvc.go:72.2,77.19 2 1
projects/GoLang-Interns-2022/authorbook/service/authorservice/authorsvc.go:68.12,70.3 1 1
