mode: set
projects/GoLang-Interns-2022/authorbook/service/authorservice/authorsvc.go:16.46,18.2 1 1
projects/GoLang-Interns-2022/authorbook/service/authorservice/authorsvc.go:20.73,21.43 1 1
projects/GoLang-Interns-2022/authorbook/service/authorservice/authorsvc.go:25.2,26.26 2 1
projects/GoLang-Interns-2022/authorbook/service/authorservice/authorsvc.go:30.2,32.15 2 1
projects/GoLang-Interns-2022/authorbook/service/authorservice/authorsvc.go:21.43,23.3 1 1
projects/GoLang-Interns-2022/authorbook/service/authorservice/authorsvc.go:26.26,28.3 1 1
projects/GoLang-Interns-2022/authorbook/service/authorservice/authorsvc.go:36.80,37.43 1 1
projects/GoLang-Interns-2022/authorbook/service/authorservice/authorsvc.go:41.2,42.26 2 1
projects/GoLang-Interns-2022/authorbook/service/authorservice/authorsvc.go:46.2,48.15 2 1
projects/GoLang-Interns-2022/authorbook/service/authorservice/authorsvc.go:37.43,39.3 1 1
projects/GoLang-Interns-2022/authorbook/service/authorservice/authorsvc.go:42.26,44.3 1 1
projects/GoLang-Interns-2022/authorbook/service/authorservice/authorsvc.go:52.52,53.12 1 1
projects/GoLang-Interns-2022/authorbook/service/authorservice/authorsvc.go:57.2,58.34 2 1
projects/GoLang-Interns-2022/authorbook/service/authorservice/authorsvc.go:62.2,62.23 1 1
projects/GoLang-Interns-2022/authorbook/service/authorservice/authorsvc.go:53.12,55.3 1 1
projects/GoLang-Interns-2022/authorbook/service/authorservice/authorsvc.go:58.34,60.3 1 0
projects/GoLang-Interns-2022/authorbook/service/authorservice/authorsvc.go:65.32,71.9 5 1
projects/GoLang-Interns-2022/authorbook/service/authorservice/authorsvc.go:80.2,80.13 1 1
projects/GoLang-Interns-2022/authorbook/service/authorservice/authorsvc.go:72.28,73.15 1 0
projects/GoLang-Interns-2022/authorbook/service/authorservice/authorsvc.go:74.32,75.15 1 1
projects/GoLang-Interns-2022/authorbook/service/authorservice/authorsvc.go:76.17,77.15 1 1
projects/GoLang-Interns-2022/authorbook/service/bookservice/booksvc.go:16.66,18.2 1 1
projects/GoLang-Interns-2022/authorbook/service/bookservice/booksvc.go:20.87,26.17 2 1
projects/GoLang-Interns-2022/authorbook/service/bookservice/booksvc.go:39.2,39.29 1 0
projects/GoLang-Interns-2022/authorbook/service/bookservice/booksvc.go:51.2,51.19 1 0
projects/GoLang-Interns-2022/authorbook/service/bookservice/booksvc.go:26.17,28.17 2 1
projects/GoLang-Interns-2022/authorbook/service/bookservice/booksvc.go:28.17,31.4 2 1
projects/GoLang-Interns-2022/authorbook/service/bookservice/booksvc.go:32.8,34.17 2 1
projects/GoLang-Interns-2022/authorbook/service/bookservice/booksvc.go:34.17,37.4 2 1
projects/GoLang-Interns-2022/authorbook/service/bookservice/booksvc.go:39.29,40.24 1 0
projects/GoLang-Interns-2022/authorbook/service/bookservice/booksvc.go:40.24,42.18 2 0
projects/GoLang-Interns-2022/authorbook/service/bookservice/booksvc.go:47.4,47.28 1 0
projects/GoLang-Interns-2022/authorbook/service/bookservice/booksvc.go:42.18,45.5 2 0
projects/GoLang-Interns-2022/authorbook/service/bookservice/booksvc.go:54.65,55.13 1 1
projects/GoLang-Interns-2022/authorbook/service/bookservice/booksvc.go:59.2,60.16 2 1
projects/GoLang-Interns-2022/authorbook/service/bookservice/booksvc.go:65.2,65.18 1 0
projects/GoLang-Interns-2022/authorbook/service/bookservice/booksvc.go:55.13,57.3 1 1
projects/GoLang-Interns-2022/authorbook/service/bookservice/booksvc.go:60.16,63.3 2 1
projects/GoLang-Interns-2022/authorbook/service/bookservice/booksvc.go:68.71,69.81 1 1
projects/GoLang-Interns-2022/authorbook/service/bookservice/booksvc.go:73.2,74.28 2 1
projects/GoLang-Interns-2022/authorbook/service/bookservice/booksvc.go:78.2,80.19 2 1
projects/GoLang-Interns-2022/authorbook/service/bookservice/booksvc.go:69.81,71.3 1 1
projects/GoLang-Interns-2022/authorbook/service/bookservice/booksvc.go:74.28,76.3 1 1
projects/GoLang-Interns-2022/authorbook/service/bookservice/booksvc.go:83.78,84.82 1 1
projects/GoLang-Interns-2022/authorbook/service/bookservice/booksvc.go:88.2,89.28 2 1
projects/GoLang-Interns-2022/authorbook/service/bookservice/booksvc.go:93.2,95.19 2 1
projects/GoLang-Interns-2022/authorbook/service/bookservice/booksvc.go:84.82,86.3 1 1
projects/GoLang-Interns-2022/authorbook/service/bookservice/booksvc.go:89.28,91.3 1 1
projects/GoLang-Interns-2022/authorbook/service/bookservice/booksvc.go:98.50,99.12 1 1
projects/GoLang-Interns-2022/authorbook/service/bookservice/booksvc.go:103.2,104.27 2 1
projects/GoLang-Interns-2022/authorbook/service/bookservice/booksvc.go:108.2,108.15 1 1
projects/GoLang-Interns-2022/authorbook/service/bookservice/booksvc.go:99.12,101.3 1 1
projects/GoLang-Interns-2022/authorbook/service/bookservice/booksvc.go:104.27,106.3 1 1
projects/GoLang-Interns-2022/authorbook/service/bookservice/booksvc.go:111.48,115.2 2 1
