mode: set
projects/GoLang-Interns-2022/authorbook/service/authorservice/authorsvc.go:15.46,17.2 1 1
projects/GoLang-Interns-2022/authorbook/service/authorservice/authorsvc.go:19.79,20.43 1 1
projects/GoLang-Interns-2022/authorbook/service/authorservice/authorsvc.go:24.2,25.26 2 1
projects/GoLang-Interns-2022/authorbook/service/authorservice/authorsvc.go:29.2,31.15 2 1
projects/GoLang-Interns-2022/authorbook/service/authorservice/authorsvc.go:20.43,22.3 1 1
projects/GoLang-Interns-2022/authorbook/service/authorservice/authorsvc.go:25.26,27.3 1 0
projects/GoLang-Interns-2022/authorbook/service/authorservice/authorsvc.go:34.32,40.9 5 1
projects/GoLang-Interns-2022/authorbook/service/authorservice/authorsvc.go:49.2,49.13 1 1
projects/GoLang-Interns-2022/authorbook/service/authorservice/authorsvc.go:41.28,42.15 1 1
projects/GoLang-Interns-2022/authorbook/service/authorservice/authorsvc.go:43.32,44.15 1 1
projects/GoLang-Interns-2022/authorbook/service/authorservice/authorsvc.go:45.17,46.15 1 1
projects/GoLang-Interns-2022/authorbook/service/authorservice/authorsvc.go:53.78,54.43 1 1
projects/GoLang-Interns-2022/authorbook/service/authorservice/authorsvc.go:58.2,59.28 2 1
projects/GoLang-Interns-2022/authorbook/service/authorservice/authorsvc.go:63.2,65.15 2 1
projects/GoLang-Interns-2022/authorbook/service/authorservice/authorsvc.go:54.43,56.3 1 1
projects/GoLang-Interns-2022/authorbook/service/authorservice/authorsvc.go:59.28,61.3 1 1
projects/GoLang-Interns-2022/authorbook/service/authorservice/authorsvc.go:69.58,70.12 1 1
projects/GoLang-Interns-2022/authorbook/service/authorservice/authorsvc.go:74.2,75.30 2 1
projects/GoLang-Interns-2022/authorbook/service/authorservice/authorsvc.go:79.2,79.19 1 1
projects/GoLang-Interns-2022/authorbook/service/authorservice/authorsvc.go:70.12,72.3 1 1
projects/GoLang-Interns-2022/authorbook/service/authorservice/authorsvc.go:75.30,77.3 1 0
projects/GoLang-Interns-2022/authorbook/http/authorhttp/authorhttp.go:19.49,21.2 1 1
projects/GoLang-Interns-2022/authorbook/http/authorhttp/authorhttp.go:23.77,30.16 5 1
projects/GoLang-Interns-2022/authorbook/http/authorhttp/authorhttp.go:35.2,36.46 2 1
projects/GoLang-Interns-2022/authorbook/http/authorhttp/authorhttp.go:30.16,33.3 2 1
projects/GoLang-Interns-2022/authorbook/http/authorhttp/authorhttp.go:39.76,46.16 5 1
projects/GoLang-Interns-2022/authorbook/http/authorhttp/authorhttp.go:51.2,52.38 2 1
projects/GoLang-Interns-2022/authorbook/http/authorhttp/authorhttp.go:46.16,49.3 2 1
projects/GoLang-Interns-2022/authorbook/http/authorhttp/authorhttp.go:55.79,60.16 4 1
projects/GoLang-Interns-2022/authorbook/http/authorhttp/authorhttp.go:67.2,68.49 2 1
projects/GoLang-Interns-2022/authorbook/http/authorhttp/authorhttp.go:60.16,65.3 3 1
projects/GoLang-Interns-2022/authorbook/service/bookservice/mockFunctions.go:7.72,10.36 2 1
projects/GoLang-Interns-2022/authorbook/service/bookservice/mockFunctions.go:17.2,17.48 1 1
projects/GoLang-Interns-2022/authorbook/service/bookservice/mockFunctions.go:26.2,26.26 1 0
projects/GoLang-Interns-2022/authorbook/service/bookservice/mockFunctions.go:10.36,15.3 1 1
projects/GoLang-Interns-2022/authorbook/service/bookservice/mockFunctions.go:17.48,24.3 2 1
projects/GoLang-Interns-2022/authorbook/service/bookservice/mockFunctions.go:29.53,30.12 1 1
projects/GoLang-Interns-2022/authorbook/service/bookservice/mockFunctions.go:36.2,36.24 1 0
projects/GoLang-Interns-2022/authorbook/service/bookservice/mockFunctions.go:30.12,34.3 1 1
projects/GoLang-Interns-2022/authorbook/service/bookservice/mockFunctions.go:39.63,41.22 2 1
projects/GoLang-Interns-2022/authorbook/service/bookservice/mockFunctions.go:45.2,45.16 1 1
projects/GoLang-Interns-2022/authorbook/service/bookservice/mockFunctions.go:41.22,43.3 1 1
projects/GoLang-Interns-2022/authorbook/service/bookservice/mockFunctions.go:48.70,50.22 2 0
projects/GoLang-Interns-2022/authorbook/service/bookservice/mockFunctions.go:54.2,54.16 1 0
projects/GoLang-Interns-2022/authorbook/service/bookservice/mockFunctions.go:50.22,52.3 1 0
projects/GoLang-Interns-2022/authorbook/service/bookservice/mockFunctions.go:57.51,58.11 1 1
projects/GoLang-Interns-2022/authorbook/service/bookservice/mockFunctions.go:62.2,62.15 1 1
projects/GoLang-Interns-2022/authorbook/service/bookservice/mockFunctions.go:58.11,60.3 1 0
projects/GoLang-Interns-2022/authorbook/service/bookservice/booksvc.go:13.42,15.2 1 1
projects/GoLang-Interns-2022/authorbook/service/bookservice/booksvc.go:17.79,20.2 2 1
projects/GoLang-Interns-2022/authorbook/service/bookservice/booksvc.go:22.66,23.13 1 1
projects/GoLang-Interns-2022/authorbook/service/bookservice/booksvc.go:27.2,29.18 2 1
projects/GoLang-Interns-2022/authorbook/service/bookservice/booksvc.go:23.13,25.3 1 1
projects/GoLang-Interns-2022/authorbook/service/bookservice/booksvc.go:32.76,33.81 1 1
projects/GoLang-Interns-2022/authorbook/service/bookservice/booksvc.go:37.2,38.28 2 1
projects/GoLang-Interns-2022/authorbook/service/bookservice/booksvc.go:42.2,44.19 2 1
projects/GoLang-Interns-2022/authorbook/service/bookservice/booksvc.go:33.81,35.3 1 0
projects/GoLang-Interns-2022/authorbook/service/bookservice/booksvc.go:38.28,40.3 1 1
projects/GoLang-Interns-2022/authorbook/service/bookservice/booksvc.go:47.83,48.82 1 0
projects/GoLang-Interns-2022/authorbook/service/bookservice/booksvc.go:52.2,53.28 2 0
projects/GoLang-Interns-2022/authorbook/service/bookservice/booksvc.go:57.2,59.19 2 0
projects/GoLang-Interns-2022/authorbook/service/bookservice/booksvc.go:48.82,50.3 1 0
projects/GoLang-Interns-2022/authorbook/service/bookservice/booksvc.go:53.28,55.3 1 0
projects/GoLang-Interns-2022/authorbook/service/bookservice/booksvc.go:62.55,63.12 1 1
projects/GoLang-Interns-2022/authorbook/service/bookservice/booksvc.go:67.2,68.27 2 1
projects/GoLang-Interns-2022/authorbook/service/bookservice/booksvc.go:72.2,72.15 1 1
projects/GoLang-Interns-2022/authorbook/service/bookservice/booksvc.go:63.12,65.3 1 1
projects/GoLang-Interns-2022/authorbook/service/bookservice/booksvc.go:68.27,70.3 1 0
projects/GoLang-Interns-2022/authorbook/service/bookservice/booksvc.go:75.48,79.2 2 1
projects/GoLang-Interns-2022/authorbook/http/bookhttp/bookhttp.go:19.49,21.2 1 1
projects/GoLang-Interns-2022/authorbook/http/bookhttp/bookhttp.go:23.75,29.16 5 1
projects/GoLang-Interns-2022/authorbook/http/bookhttp/bookhttp.go:36.2,37.22 2 1
projects/GoLang-Interns-2022/authorbook/http/bookhttp/bookhttp.go:29.16,34.3 3 0
projects/GoLang-Interns-2022/authorbook/http/bookhttp/bookhttp.go:40.76,44.16 3 1
projects/GoLang-Interns-2022/authorbook/http/bookhttp/bookhttp.go:51.2,52.16 2 1
projects/GoLang-Interns-2022/authorbook/http/bookhttp/bookhttp.go:57.2,58.16 2 1
projects/GoLang-Interns-2022/authorbook/http/bookhttp/bookhttp.go:65.2,66.22 2 1
projects/GoLang-Interns-2022/authorbook/http/bookhttp/bookhttp.go:44.16,49.3 3 0
projects/GoLang-Interns-2022/authorbook/http/bookhttp/bookhttp.go:52.16,55.3 2 0
projects/GoLang-Interns-2022/authorbook/http/bookhttp/bookhttp.go:58.16,63.3 3 0
projects/GoLang-Interns-2022/authorbook/http/bookhttp/bookhttp.go:69.73,71.16 2 1
projects/GoLang-Interns-2022/authorbook/http/bookhttp/bookhttp.go:78.2,81.16 3 1
projects/GoLang-Interns-2022/authorbook/http/bookhttp/bookhttp.go:86.2,87.16 2 1
projects/GoLang-Interns-2022/authorbook/http/bookhttp/bookhttp.go:95.2,96.16 2 1
projects/GoLang-Interns-2022/authorbook/http/bookhttp/bookhttp.go:104.2,105.22 2 1
projects/GoLang-Interns-2022/authorbook/http/bookhttp/bookhttp.go:71.16,76.3 3 0
projects/GoLang-Interns-2022/authorbook/http/bookhttp/bookhttp.go:81.16,84.3 2 0
projects/GoLang-Interns-2022/authorbook/http/bookhttp/bookhttp.go:87.16,93.3 3 0
projects/GoLang-Interns-2022/authorbook/http/bookhttp/bookhttp.go:96.16,102.3 3 0
projects/GoLang-Interns-2022/authorbook/http/bookhttp/bookhttp.go:108.72,110.16 2 1
projects/GoLang-Interns-2022/authorbook/http/bookhttp/bookhttp.go:117.2,120.16 3 1
projects/GoLang-Interns-2022/authorbook/http/bookhttp/bookhttp.go:125.2,129.16 4 1
projects/GoLang-Interns-2022/authorbook/http/bookhttp/bookhttp.go:134.2,135.16 2 1
projects/GoLang-Interns-2022/authorbook/http/bookhttp/bookhttp.go:140.2,141.22 2 1
projects/GoLang-Interns-2022/authorbook/http/bookhttp/bookhttp.go:110.16,115.3 3 0
projects/GoLang-Interns-2022/authorbook/http/bookhttp/bookhttp.go:120.16,123.3 2 0
projects/GoLang-Interns-2022/authorbook/http/bookhttp/bookhttp.go:129.16,132.3 2 0
projects/GoLang-Interns-2022/authorbook/http/bookhttp/bookhttp.go:135.16,138.3 2 0
projects/GoLang-Interns-2022/authorbook/http/bookhttp/bookhttp.go:144.75,148.16 3 1
projects/GoLang-Interns-2022/authorbook/http/bookhttp/bookhttp.go:153.2,154.16 2 1
projects/GoLang-Interns-2022/authorbook/http/bookhttp/bookhttp.go:161.2,162.48 2 1
projects/GoLang-Interns-2022/authorbook/http/bookhttp/bookhttp.go:148.16,151.3 2 0
projects/GoLang-Interns-2022/authorbook/http/bookhttp/bookhttp.go:154.16,159.3 3 1
projects/GoLang-Interns-2022/authorbook/http/bookhttp/mockFunctions.go:10.63,11.25 1 1
projects/GoLang-Interns-2022/authorbook/http/bookhttp/mockFunctions.go:20.2,20.37 1 1
projects/GoLang-Interns-2022/authorbook/http/bookhttp/mockFunctions.go:28.2,28.26 1 0
projects/GoLang-Interns-2022/authorbook/http/bookhttp/mockFunctions.go:11.25,18.3 2 1
projects/GoLang-Interns-2022/authorbook/http/bookhttp/mockFunctions.go:20.37,26.3 2 1
projects/GoLang-Interns-2022/authorbook/http/bookhttp/mockFunctions.go:31.64,32.12 1 1
projects/GoLang-Interns-2022/authorbook/http/bookhttp/mockFunctions.go:37.2,37.29 1 1
projects/GoLang-Interns-2022/authorbook/http/bookhttp/mockFunctions.go:32.12,35.3 1 1
projects/GoLang-Interns-2022/authorbook/http/bookhttp/mockFunctions.go:40.75,42.22 2 1
projects/GoLang-Interns-2022/authorbook/http/bookhttp/mockFunctions.go:46.2,46.29 1 1
projects/GoLang-Interns-2022/authorbook/http/bookhttp/mockFunctions.go:42.22,44.3 1 1
projects/GoLang-Interns-2022/authorbook/http/bookhttp/mockFunctions.go:49.82,51.22 2 1
projects/GoLang-Interns-2022/authorbook/http/bookhttp/mockFunctions.go:55.2,55.29 1 0
projects/GoLang-Interns-2022/authorbook/http/bookhttp/mockFunctions.go:51.22,53.3 1 1
projects/GoLang-Interns-2022/authorbook/http/bookhttp/mockFunctions.go:58.53,59.12 1 1
projects/GoLang-Interns-2022/authorbook/http/bookhttp/mockFunctions.go:63.2,63.15 1 1
projects/GoLang-Interns-2022/authorbook/http/bookhttp/mockFunctions.go:59.12,61.3 1 1
