mode: set
projects/GoLang-Interns-2022/authorbook/service/authorservice/authorsvc.go:15.46,17.2 1 1
projects/GoLang-Interns-2022/authorbook/service/authorservice/authorsvc.go:19.79,20.43 1 1
projects/GoLang-Interns-2022/authorbook/service/authorservice/authorsvc.go:24.2,25.16 2 1
projects/GoLang-Interns-2022/authorbook/service/authorservice/authorsvc.go:28.2,28.14 1 1
projects/GoLang-Interns-2022/authorbook/service/authorservice/authorsvc.go:32.2,33.15 2 1
projects/GoLang-Interns-2022/authorbook/service/authorservice/authorsvc.go:20.43,22.3 1 1
projects/GoLang-Interns-2022/authorbook/service/authorservice/authorsvc.go:25.16,27.3 1 0
projects/GoLang-Interns-2022/authorbook/service/authorservice/authorsvc.go:28.14,30.3 1 1
projects/GoLang-Interns-2022/authorbook/service/authorservice/authorsvc.go:36.32,42.9 5 1
projects/GoLang-Interns-2022/authorbook/service/authorservice/authorsvc.go:51.2,51.13 1 1
projects/GoLang-Interns-2022/authorbook/service/authorservice/authorsvc.go:43.28,44.15 1 0
projects/GoLang-Interns-2022/authorbook/service/authorservice/authorsvc.go:45.32,46.15 1 1
projects/GoLang-Interns-2022/authorbook/service/authorservice/authorsvc.go:47.17,48.15 1 0
projects/GoLang-Interns-2022/authorbook/service/authorservice/authorsvc.go:55.78,56.43 1 1
projects/GoLang-Interns-2022/authorbook/service/authorservice/authorsvc.go:60.2,61.16 2 1
projects/GoLang-Interns-2022/authorbook/service/authorservice/authorsvc.go:64.2,64.14 1 1
projects/GoLang-Interns-2022/authorbook/service/authorservice/authorsvc.go:68.2,69.15 2 1
projects/GoLang-Interns-2022/authorbook/service/authorservice/authorsvc.go:56.43,58.3 1 1
projects/GoLang-Interns-2022/authorbook/service/authorservice/authorsvc.go:61.16,63.3 1 0
projects/GoLang-Interns-2022/authorbook/service/authorservice/authorsvc.go:64.14,66.3 1 1
projects/GoLang-Interns-2022/authorbook/service/authorservice/authorsvc.go:73.58,74.12 1 1
projects/GoLang-Interns-2022/authorbook/service/authorservice/authorsvc.go:78.2,79.16 2 1
projects/GoLang-Interns-2022/authorbook/service/authorservice/authorsvc.go:83.2,83.19 1 1
projects/GoLang-Interns-2022/authorbook/service/authorservice/authorsvc.go:74.12,76.3 1 1
projects/GoLang-Interns-2022/authorbook/service/authorservice/authorsvc.go:79.16,81.3 1 0
projects/GoLang-Interns-2022/authorbook/store/author/authorsql.go:12.34,14.2 1 1
projects/GoLang-Interns-2022/authorbook/store/author/authorsql.go:17.70,30.16 2 1
projects/GoLang-Interns-2022/authorbook/store/author/authorsql.go:34.2,37.21 3 0
projects/GoLang-Interns-2022/authorbook/store/author/authorsql.go:30.16,32.3 1 1
projects/GoLang-Interns-2022/authorbook/store/author/authorsql.go:41.69,47.16 4 0
projects/GoLang-Interns-2022/authorbook/store/author/authorsql.go:47.16,53.3 3 0
projects/GoLang-Interns-2022/authorbook/store/author/authorsql.go:53.8,60.3 4 0
projects/GoLang-Interns-2022/authorbook/store/author/authorsql.go:65.56,68.16 3 1
projects/GoLang-Interns-2022/authorbook/store/author/authorsql.go:72.2,72.24 1 1
projects/GoLang-Interns-2022/authorbook/store/author/authorsql.go:68.16,70.3 1 0
