mode: set
projects/GoLang-Interns-2022/authorbook/http/bookhttp/bookhttp.go:18.49,20.2 1 1
projects/GoLang-Interns-2022/authorbook/http/bookhttp/bookhttp.go:22.75,28.16 5 1
projects/GoLang-Interns-2022/authorbook/http/bookhttp/bookhttp.go:35.2,36.22 2 1
projects/GoLang-Interns-2022/authorbook/http/bookhttp/bookhttp.go:28.16,33.3 3 0
projects/GoLang-Interns-2022/authorbook/http/bookhttp/bookhttp.go:39.76,43.16 3 1
projects/GoLang-Interns-2022/authorbook/http/bookhttp/bookhttp.go:50.2,51.16 2 1
projects/GoLang-Interns-2022/authorbook/http/bookhttp/bookhttp.go:56.2,57.16 2 1
projects/GoLang-Interns-2022/authorbook/http/bookhttp/bookhttp.go:64.2,65.22 2 1
projects/GoLang-Interns-2022/authorbook/http/bookhttp/bookhttp.go:43.16,48.3 3 0
projects/GoLang-Interns-2022/authorbook/http/bookhttp/bookhttp.go:51.16,54.3 2 0
projects/GoLang-Interns-2022/authorbook/http/bookhttp/bookhttp.go:57.16,62.3 3 0
projects/GoLang-Interns-2022/authorbook/http/bookhttp/bookhttp.go:68.73,70.16 2 1
projects/GoLang-Interns-2022/authorbook/http/bookhttp/bookhttp.go:77.2,80.16 3 1
projects/GoLang-Interns-2022/authorbook/http/bookhttp/bookhttp.go:85.2,86.16 2 1
projects/GoLang-Interns-2022/authorbook/http/bookhttp/bookhttp.go:94.2,95.16 2 1
projects/GoLang-Interns-2022/authorbook/http/bookhttp/bookhttp.go:103.2,104.22 2 1
projects/GoLang-Interns-2022/authorbook/http/bookhttp/bookhttp.go:70.16,75.3 3 0
projects/GoLang-Interns-2022/authorbook/http/bookhttp/bookhttp.go:80.16,83.3 2 0
projects/GoLang-Interns-2022/authorbook/http/bookhttp/bookhttp.go:86.16,92.3 3 0
projects/GoLang-Interns-2022/authorbook/http/bookhttp/bookhttp.go:95.16,101.3 3 0
projects/GoLang-Interns-2022/authorbook/http/bookhttp/bookhttp.go:107.72,109.16 2 1
projects/GoLang-Interns-2022/authorbook/http/bookhttp/bookhttp.go:116.2,119.16 3 1
projects/GoLang-Interns-2022/authorbook/http/bookhttp/bookhttp.go:124.2,128.16 4 1
projects/GoLang-Interns-2022/authorbook/http/bookhttp/bookhttp.go:133.2,134.16 2 1
projects/GoLang-Interns-2022/authorbook/http/bookhttp/bookhttp.go:139.2,140.22 2 1
projects/GoLang-Interns-2022/authorbook/http/bookhttp/bookhttp.go:109.16,114.3 3 0
projects/GoLang-Interns-2022/authorbook/http/bookhttp/bookhttp.go:119.16,122.3 2 0
projects/GoLang-Interns-2022/authorbook/http/bookhttp/bookhttp.go:128.16,131.3 2 0
projects/GoLang-Interns-2022/authorbook/http/bookhttp/bookhttp.go:134.16,137.3 2 0
projects/GoLang-Interns-2022/authorbook/http/bookhttp/bookhttp.go:143.75,147.16 3 1
projects/GoLang-Interns-2022/authorbook/http/bookhttp/bookhttp.go:152.2,153.16 2 1
projects/GoLang-Interns-2022/authorbook/http/bookhttp/bookhttp.go:160.2,161.48 2 1
projects/GoLang-Interns-2022/authorbook/http/bookhttp/bookhttp.go:147.16,150.3 2 0
projects/GoLang-Interns-2022/authorbook/http/bookhttp/bookhttp.go:153.16,158.3 3 1
projects/GoLang-Interns-2022/authorbook/http/bookhttp/mockFunctions.go:10.63,11.25 1 1
projects/GoLang-Interns-2022/authorbook/http/bookhttp/mockFunctions.go:16.2,16.37 1 1
projects/GoLang-Interns-2022/authorbook/http/bookhttp/mockFunctions.go:22.2,22.26 1 0
projects/GoLang-Interns-2022/authorbook/http/bookhttp/mockFunctions.go:11.25,15.3 1 1
projects/GoLang-Interns-2022/authorbook/http/bookhttp/mockFunctions.go:16.37,20.3 1 1
projects/GoLang-Interns-2022/authorbook/http/bookhttp/mockFunctions.go:25.64,26.12 1 1
projects/GoLang-Interns-2022/authorbook/http/bookhttp/mockFunctions.go:30.2,30.29 1 1
projects/GoLang-Interns-2022/authorbook/http/bookhttp/mockFunctions.go:26.12,29.3 1 1
projects/GoLang-Interns-2022/authorbook/http/bookhttp/mockFunctions.go:33.75,34.22 1 1
projects/GoLang-Interns-2022/authorbook/http/bookhttp/mockFunctions.go:37.2,37.29 1 1
projects/GoLang-Interns-2022/authorbook/http/bookhttp/mockFunctions.go:34.22,36.3 1 1
projects/GoLang-Interns-2022/authorbook/http/bookhttp/mockFunctions.go:40.82,41.22 1 1
projects/GoLang-Interns-2022/authorbook/http/bookhttp/mockFunctions.go:44.2,44.29 1 0
projects/GoLang-Interns-2022/authorbook/http/bookhttp/mockFunctions.go:41.22,43.3 1 1
projects/GoLang-Interns-2022/authorbook/http/bookhttp/mockFunctions.go:47.53,48.12 1 1
projects/GoLang-Interns-2022/authorbook/http/bookhttp/mockFunctions.go:51.2,51.15 1 1
projects/GoLang-Interns-2022/authorbook/http/bookhttp/mockFunctions.go:48.12,50.3 1 1
