mode: set
projects/GoLang-Interns-2022/authorbook/http/bookhttp/bookhttp.go:19.49,21.2 1 1
projects/GoLang-Interns-2022/authorbook/http/bookhttp/bookhttp.go:23.75,28.16 4 1
projects/GoLang-Interns-2022/authorbook/http/bookhttp/bookhttp.go:35.2,36.16 2 1
projects/GoLang-Interns-2022/authorbook/http/bookhttp/bookhttp.go:43.2,44.22 2 1
projects/GoLang-Interns-2022/authorbook/http/bookhttp/bookhttp.go:28.16,33.3 3 1
projects/GoLang-Interns-2022/authorbook/http/bookhttp/bookhttp.go:36.16,41.3 3 0
projects/GoLang-Interns-2022/authorbook/http/bookhttp/bookhttp.go:47.76,51.26 3 1
projects/GoLang-Interns-2022/authorbook/http/bookhttp/bookhttp.go:58.2,59.16 2 1
projects/GoLang-Interns-2022/authorbook/http/bookhttp/bookhttp.go:66.2,67.16 2 1
projects/GoLang-Interns-2022/authorbook/http/bookhttp/bookhttp.go:72.2,73.22 2 1
projects/GoLang-Interns-2022/authorbook/http/bookhttp/bookhttp.go:51.26,56.3 3 1
projects/GoLang-Interns-2022/authorbook/http/bookhttp/bookhttp.go:59.16,64.3 3 0
projects/GoLang-Interns-2022/authorbook/http/bookhttp/bookhttp.go:67.16,70.3 2 0
projects/GoLang-Interns-2022/authorbook/http/bookhttp/bookhttp.go:76.69,80.16 3 1
projects/GoLang-Interns-2022/authorbook/http/bookhttp/bookhttp.go:87.2,88.16 2 1
projects/GoLang-Interns-2022/authorbook/http/bookhttp/bookhttp.go:95.2,96.16 2 1
projects/GoLang-Interns-2022/authorbook/http/bookhttp/bookhttp.go:103.2,104.16 2 1
projects/GoLang-Interns-2022/authorbook/http/bookhttp/bookhttp.go:111.2,112.22 2 1
projects/GoLang-Interns-2022/authorbook/http/bookhttp/bookhttp.go:80.16,85.3 3 0
projects/GoLang-Interns-2022/authorbook/http/bookhttp/bookhttp.go:88.16,93.3 3 1
projects/GoLang-Interns-2022/authorbook/http/bookhttp/bookhttp.go:96.16,101.3 3 1
projects/GoLang-Interns-2022/authorbook/http/bookhttp/bookhttp.go:104.16,109.3 3 0
projects/GoLang-Interns-2022/authorbook/http/bookhttp/bookhttp.go:115.68,117.16 2 1
projects/GoLang-Interns-2022/authorbook/http/bookhttp/bookhttp.go:124.2,127.16 3 1
projects/GoLang-Interns-2022/authorbook/http/bookhttp/bookhttp.go:134.2,138.16 4 1
projects/GoLang-Interns-2022/authorbook/http/bookhttp/bookhttp.go:144.2,145.16 2 1
projects/GoLang-Interns-2022/authorbook/http/bookhttp/bookhttp.go:150.2,151.22 2 1
projects/GoLang-Interns-2022/authorbook/http/bookhttp/bookhttp.go:117.16,122.3 3 0
projects/GoLang-Interns-2022/authorbook/http/bookhttp/bookhttp.go:127.16,132.3 3 1
projects/GoLang-Interns-2022/authorbook/http/bookhttp/bookhttp.go:138.16,142.3 3 1
projects/GoLang-Interns-2022/authorbook/http/bookhttp/bookhttp.go:145.16,148.3 2 0
projects/GoLang-Interns-2022/authorbook/http/bookhttp/bookhttp.go:154.71,158.26 3 1
projects/GoLang-Interns-2022/authorbook/http/bookhttp/bookhttp.go:164.2,165.16 2 1
projects/GoLang-Interns-2022/authorbook/http/bookhttp/bookhttp.go:172.2,173.48 2 1
projects/GoLang-Interns-2022/authorbook/http/bookhttp/bookhttp.go:158.26,162.3 3 1
projects/GoLang-Interns-2022/authorbook/http/bookhttp/bookhttp.go:165.16,170.3 3 1
