mode: set
projects/GoLang-Interns-2022/authorbook/store/author/authorsql.go:13.28,15.2 1 1
projects/GoLang-Interns-2022/authorbook/store/author/authorsql.go:18.58,21.16 2 1
projects/GoLang-Interns-2022/authorbook/store/author/authorsql.go:26.2,26.29 1 1
projects/GoLang-Interns-2022/authorbook/store/author/authorsql.go:21.16,24.3 2 1
projects/GoLang-Interns-2022/authorbook/store/author/authorsql.go:30.65,32.16 2 1
projects/GoLang-Interns-2022/authorbook/store/author/authorsql.go:37.2,38.12 2 1
projects/GoLang-Interns-2022/authorbook/store/author/authorsql.go:52.2,52.16 1 0
projects/GoLang-Interns-2022/authorbook/store/author/authorsql.go:32.16,35.3 2 1
projects/GoLang-Interns-2022/authorbook/store/author/authorsql.go:38.12,41.17 2 1
projects/GoLang-Interns-2022/authorbook/store/author/authorsql.go:46.3,49.22 3 1
projects/GoLang-Interns-2022/authorbook/store/author/authorsql.go:41.17,44.4 2 0
projects/GoLang-Interns-2022/authorbook/store/author/authorsql.go:56.44,58.16 2 1
projects/GoLang-Interns-2022/authorbook/store/author/authorsql.go:62.2,63.16 2 1
projects/GoLang-Interns-2022/authorbook/store/author/authorsql.go:67.2,67.24 1 1
projects/GoLang-Interns-2022/authorbook/store/author/authorsql.go:58.16,60.3 1 1
projects/GoLang-Interns-2022/authorbook/store/author/authorsql.go:63.16,65.3 1 0
projects/GoLang-Interns-2022/authorbook/store/books/booksql.go:13.28,15.2 1 1
projects/GoLang-Interns-2022/authorbook/store/books/booksql.go:17.55,25.16 3 1
projects/GoLang-Interns-2022/authorbook/store/books/booksql.go:28.2,30.18 2 1
projects/GoLang-Interns-2022/authorbook/store/books/booksql.go:41.2,41.19 1 1
projects/GoLang-Interns-2022/authorbook/store/books/booksql.go:25.16,27.3 1 1
projects/GoLang-Interns-2022/authorbook/store/books/booksql.go:30.18,34.17 3 1
projects/GoLang-Interns-2022/authorbook/store/books/booksql.go:38.3,38.30 1 1
projects/GoLang-Interns-2022/authorbook/store/books/booksql.go:34.17,36.4 1 0
projects/GoLang-Interns-2022/authorbook/store/books/booksql.go:44.72,51.16 3 1
projects/GoLang-Interns-2022/authorbook/store/books/booksql.go:56.2,58.18 2 1
projects/GoLang-Interns-2022/authorbook/store/books/booksql.go:70.2,70.19 1 1
projects/GoLang-Interns-2022/authorbook/store/books/booksql.go:51.16,54.3 2 1
projects/GoLang-Interns-2022/authorbook/store/books/booksql.go:58.18,62.17 3 1
projects/GoLang-Interns-2022/authorbook/store/books/booksql.go:67.3,67.30 1 1
projects/GoLang-Interns-2022/authorbook/store/books/booksql.go:62.17,65.4 2 0
projects/GoLang-Interns-2022/authorbook/store/books/booksql.go:73.64,79.118 3 1
projects/GoLang-Interns-2022/authorbook/store/books/booksql.go:84.2,84.20 1 1
projects/GoLang-Interns-2022/authorbook/store/books/booksql.go:79.118,82.3 2 1
projects/GoLang-Interns-2022/authorbook/store/books/booksql.go:87.60,93.16 4 1
projects/GoLang-Interns-2022/authorbook/store/books/booksql.go:98.2,98.15 1 1
projects/GoLang-Interns-2022/authorbook/store/books/booksql.go:93.16,96.3 2 1
projects/GoLang-Interns-2022/authorbook/store/books/booksql.go:101.56,110.16 2 1
projects/GoLang-Interns-2022/authorbook/store/books/booksql.go:115.2,116.16 2 1
projects/GoLang-Interns-2022/authorbook/store/books/booksql.go:121.2,121.21 1 1
projects/GoLang-Interns-2022/authorbook/store/books/booksql.go:110.16,113.3 2 1
projects/GoLang-Interns-2022/authorbook/store/books/booksql.go:116.16,119.3 2 0
projects/GoLang-Interns-2022/authorbook/store/books/booksql.go:124.63,127.16 2 1
projects/GoLang-Interns-2022/authorbook/store/books/booksql.go:131.2,132.16 2 1
projects/GoLang-Interns-2022/authorbook/store/books/booksql.go:136.2,136.20 1 1
projects/GoLang-Interns-2022/authorbook/store/books/booksql.go:127.16,129.3 1 1
projects/GoLang-Interns-2022/authorbook/store/books/booksql.go:132.16,134.3 1 0
projects/GoLang-Interns-2022/authorbook/store/books/booksql.go:139.45,141.16 2 1
projects/GoLang-Interns-2022/authorbook/store/books/booksql.go:145.2,146.16 2 1
projects/GoLang-Interns-2022/authorbook/store/books/booksql.go:150.2,150.24 1 1
projects/GoLang-Interns-2022/authorbook/store/books/booksql.go:141.16,143.3 1 1
projects/GoLang-Interns-2022/authorbook/store/books/booksql.go:146.16,148.3 1 0
