mode: set
projects/GoLang-Interns-2022/authorbook/http/authorhttp/authorhttp.go:18.49,20.2 1 1
projects/GoLang-Interns-2022/authorbook/http/authorhttp/authorhttp.go:22.77,29.16 5 1
projects/GoLang-Interns-2022/authorbook/http/authorhttp/authorhttp.go:34.2,35.39 2 1
projects/GoLang-Interns-2022/authorbook/http/authorhttp/authorhttp.go:29.16,32.3 2 1
projects/GoLang-Interns-2022/authorbook/http/authorhttp/authorhttp.go:38.76,45.16 5 1
projects/GoLang-Interns-2022/authorbook/http/authorhttp/authorhttp.go:50.2,51.37 2 1
projects/GoLang-Interns-2022/authorbook/http/authorhttp/authorhttp.go:45.16,48.3 2 1
projects/GoLang-Interns-2022/authorbook/http/authorhttp/authorhttp.go:54.79,59.16 4 1
projects/GoLang-Interns-2022/authorbook/http/authorhttp/authorhttp.go:66.2,67.42 2 1
projects/GoLang-Interns-2022/authorbook/http/authorhttp/authorhttp.go:59.16,64.3 3 1
