mode: set
projects/GoLang-Interns-2022/authorbook/store/book/booksql.go:14.28,16.2 1 1
projects/GoLang-Interns-2022/authorbook/store/book/booksql.go:18.73,21.17 2 1
projects/GoLang-Interns-2022/authorbook/store/book/booksql.go:33.2,33.14 1 1
projects/GoLang-Interns-2022/authorbook/store/book/booksql.go:21.17,23.30 2 1
projects/GoLang-Interns-2022/authorbook/store/book/booksql.go:23.30,25.4 1 1
projects/GoLang-Interns-2022/authorbook/store/book/booksql.go:26.8,28.30 2 1
projects/GoLang-Interns-2022/authorbook/store/book/booksql.go:28.30,30.4 1 0
projects/GoLang-Interns-2022/authorbook/store/book/booksql.go:36.51,42.16 4 1
projects/GoLang-Interns-2022/authorbook/store/book/booksql.go:47.2,47.10 1 0
projects/GoLang-Interns-2022/authorbook/store/book/booksql.go:42.16,45.3 2 1
projects/GoLang-Interns-2022/authorbook/store/book/booksql.go:50.60,53.16 2 1
projects/GoLang-Interns-2022/authorbook/store/book/booksql.go:58.2,59.16 2 1
projects/GoLang-Interns-2022/authorbook/store/book/booksql.go:64.2,64.21 1 1
projects/GoLang-Interns-2022/authorbook/store/book/booksql.go:53.16,56.3 2 0
projects/GoLang-Interns-2022/authorbook/store/book/booksql.go:59.16,62.3 2 0
projects/GoLang-Interns-2022/authorbook/store/book/booksql.go:67.67,73.16 4 1
projects/GoLang-Interns-2022/authorbook/store/book/booksql.go:80.2,82.16 2 1
projects/GoLang-Interns-2022/authorbook/store/book/booksql.go:86.2,88.16 2 1
projects/GoLang-Interns-2022/authorbook/store/book/booksql.go:92.2,92.20 1 1
projects/GoLang-Interns-2022/authorbook/store/book/booksql.go:73.16,78.3 2 0
projects/GoLang-Interns-2022/authorbook/store/book/booksql.go:82.16,84.3 1 0
projects/GoLang-Interns-2022/authorbook/store/book/booksql.go:88.16,90.3 1 0
projects/GoLang-Interns-2022/authorbook/store/book/booksql.go:95.49,97.16 2 1
projects/GoLang-Interns-2022/authorbook/store/book/booksql.go:101.2,102.16 2 1
projects/GoLang-Interns-2022/authorbook/store/book/booksql.go:106.2,106.24 1 1
projects/GoLang-Interns-2022/authorbook/store/book/booksql.go:97.16,99.3 1 0
projects/GoLang-Interns-2022/authorbook/store/book/booksql.go:102.16,104.3 1 0
projects/GoLang-Interns-2022/authorbook/store/book/booksql.go:109.65,115.17 2 1
projects/GoLang-Interns-2022/authorbook/store/book/booksql.go:127.2,129.18 2 1
projects/GoLang-Interns-2022/authorbook/store/book/booksql.go:140.2,140.11 1 1
projects/GoLang-Interns-2022/authorbook/store/book/booksql.go:115.17,117.17 2 1
projects/GoLang-Interns-2022/authorbook/store/book/booksql.go:117.17,119.4 1 0
projects/GoLang-Interns-2022/authorbook/store/book/booksql.go:120.8,122.17 2 1
projects/GoLang-Interns-2022/authorbook/store/book/booksql.go:122.17,124.4 1 0
projects/GoLang-Interns-2022/authorbook/store/book/booksql.go:129.18,133.17 3 1
projects/GoLang-Interns-2022/authorbook/store/book/booksql.go:137.3,137.21 1 1
projects/GoLang-Interns-2022/authorbook/store/book/booksql.go:133.17,135.4 1 0
projects/GoLang-Interns-2022/authorbook/store/book/booksql.go:143.64,148.118 3 0
projects/GoLang-Interns-2022/authorbook/store/book/booksql.go:153.2,153.32 1 0
projects/GoLang-Interns-2022/authorbook/store/book/booksql.go:148.118,151.3 2 0
projects/GoLang-Interns-2022/authorbook/store/book/booksql.go:156.73,157.23 1 1
projects/GoLang-Interns-2022/authorbook/store/book/booksql.go:162.2,162.14 1 1
projects/GoLang-Interns-2022/authorbook/store/book/booksql.go:157.23,160.3 2 0
