mode: set
projects/GoLang-Interns-2022/authorbook/store/books/booksql.go:14.28,16.2 1 1
projects/GoLang-Interns-2022/authorbook/store/books/booksql.go:18.74,26.16 3 1
projects/GoLang-Interns-2022/authorbook/store/books/booksql.go:29.2,31.18 2 1
projects/GoLang-Interns-2022/authorbook/store/books/booksql.go:42.2,42.19 1 1
projects/GoLang-Interns-2022/authorbook/store/books/booksql.go:26.16,28.3 1 1
projects/GoLang-Interns-2022/authorbook/store/books/booksql.go:31.18,35.17 3 1
projects/GoLang-Interns-2022/authorbook/store/books/booksql.go:39.3,39.30 1 1
projects/GoLang-Interns-2022/authorbook/store/books/booksql.go:35.17,37.4 1 0
projects/GoLang-Interns-2022/authorbook/store/books/booksql.go:45.93,52.16 3 1
projects/GoLang-Interns-2022/authorbook/store/books/booksql.go:57.2,59.18 2 1
projects/GoLang-Interns-2022/authorbook/store/books/booksql.go:71.2,71.19 1 1
projects/GoLang-Interns-2022/authorbook/store/books/booksql.go:52.16,55.3 2 1
projects/GoLang-Interns-2022/authorbook/store/books/booksql.go:59.18,63.17 3 1
projects/GoLang-Interns-2022/authorbook/store/books/booksql.go:68.3,68.30 1 1
projects/GoLang-Interns-2022/authorbook/store/books/booksql.go:63.17,66.4 2 0
projects/GoLang-Interns-2022/authorbook/store/books/booksql.go:74.85,80.118 3 1
projects/GoLang-Interns-2022/authorbook/store/books/booksql.go:85.2,85.20 1 1
projects/GoLang-Interns-2022/authorbook/store/books/booksql.go:80.118,83.3 2 1
projects/GoLang-Interns-2022/authorbook/store/books/booksql.go:88.81,94.16 4 1
projects/GoLang-Interns-2022/authorbook/store/books/booksql.go:99.2,99.15 1 1
projects/GoLang-Interns-2022/authorbook/store/books/booksql.go:94.16,97.3 2 1
projects/GoLang-Interns-2022/authorbook/store/books/booksql.go:102.77,111.16 2 1
projects/GoLang-Interns-2022/authorbook/store/books/booksql.go:116.2,117.16 2 1
projects/GoLang-Interns-2022/authorbook/store/books/booksql.go:122.2,122.21 1 1
projects/GoLang-Interns-2022/authorbook/store/books/booksql.go:111.16,114.3 2 1
projects/GoLang-Interns-2022/authorbook/store/books/booksql.go:117.16,120.3 2 0
projects/GoLang-Interns-2022/authorbook/store/books/booksql.go:125.84,128.16 2 1
projects/GoLang-Interns-2022/authorbook/store/books/booksql.go:132.2,133.16 2 1
projects/GoLang-Interns-2022/authorbook/store/books/booksql.go:137.2,137.20 1 1
projects/GoLang-Interns-2022/authorbook/store/books/booksql.go:128.16,130.3 1 1
projects/GoLang-Interns-2022/authorbook/store/books/booksql.go:133.16,135.3 1 0
projects/GoLang-Interns-2022/authorbook/store/books/booksql.go:140.66,142.16 2 1
projects/GoLang-Interns-2022/authorbook/store/books/booksql.go:146.2,147.16 2 1
projects/GoLang-Interns-2022/authorbook/store/books/booksql.go:151.2,151.24 1 1
projects/GoLang-Interns-2022/authorbook/store/books/booksql.go:142.16,144.3 1 1
projects/GoLang-Interns-2022/authorbook/store/books/booksql.go:147.16,149.3 1 0
