mode: set
projects/GoLang-Interns-2022/authorbook/store/author/authorsql.go:13.28,15.2 1 1
projects/GoLang-Interns-2022/authorbook/store/author/authorsql.go:18.64,34.16 2 1
projects/GoLang-Interns-2022/authorbook/store/author/authorsql.go:39.2,39.29 1 1
projects/GoLang-Interns-2022/authorbook/store/author/authorsql.go:34.16,37.3 2 1
projects/GoLang-Interns-2022/authorbook/store/author/authorsql.go:43.71,45.16 2 1
projects/GoLang-Interns-2022/authorbook/store/author/authorsql.go:50.2,51.12 2 1
projects/GoLang-Interns-2022/authorbook/store/author/authorsql.go:65.2,65.16 1 0
projects/GoLang-Interns-2022/authorbook/store/author/authorsql.go:45.16,48.3 2 1
projects/GoLang-Interns-2022/authorbook/store/author/authorsql.go:51.12,54.17 2 1
projects/GoLang-Interns-2022/authorbook/store/author/authorsql.go:59.3,62.22 3 1
projects/GoLang-Interns-2022/authorbook/store/author/authorsql.go:54.17,57.4 2 0
projects/GoLang-Interns-2022/authorbook/store/author/authorsql.go:69.50,71.16 2 1
projects/GoLang-Interns-2022/authorbook/store/author/authorsql.go:75.2,76.16 2 1
projects/GoLang-Interns-2022/authorbook/store/author/authorsql.go:80.2,80.24 1 1
projects/GoLang-Interns-2022/authorbook/store/author/authorsql.go:71.16,73.3 1 1
projects/GoLang-Interns-2022/authorbook/store/author/authorsql.go:76.16,78.3 1 0
