mode: set
projects/GoLang-Interns-2022/authorbook/store/author/authorsql.go:14.28,16.2 1 1
projects/GoLang-Interns-2022/authorbook/store/author/authorsql.go:19.79,22.16 2 1
projects/GoLang-Interns-2022/authorbook/store/author/authorsql.go:27.2,27.29 1 1
projects/GoLang-Interns-2022/authorbook/store/author/authorsql.go:22.16,25.3 2 1
projects/GoLang-Interns-2022/authorbook/store/author/authorsql.go:31.86,33.16 2 1
projects/GoLang-Interns-2022/authorbook/store/author/authorsql.go:38.2,39.12 2 1
projects/GoLang-Interns-2022/authorbook/store/author/authorsql.go:53.2,53.16 1 0
projects/GoLang-Interns-2022/authorbook/store/author/authorsql.go:33.16,36.3 2 1
projects/GoLang-Interns-2022/authorbook/store/author/authorsql.go:39.12,42.17 2 1
projects/GoLang-Interns-2022/authorbook/store/author/authorsql.go:47.3,50.22 3 1
projects/GoLang-Interns-2022/authorbook/store/author/authorsql.go:42.17,45.4 2 0
projects/GoLang-Interns-2022/authorbook/store/author/authorsql.go:57.65,59.16 2 1
projects/GoLang-Interns-2022/authorbook/store/author/authorsql.go:63.2,64.16 2 1
projects/GoLang-Interns-2022/authorbook/store/author/authorsql.go:68.2,68.24 1 1
projects/GoLang-Interns-2022/authorbook/store/author/authorsql.go:59.16,61.3 1 1
projects/GoLang-Interns-2022/authorbook/store/author/authorsql.go:64.16,66.3 1 0
