mode: set
projects/GoLang-Interns-2022/authorbook/service/authorservice/authorsvc.go:16.46,18.2 1 1
projects/GoLang-Interns-2022/authorbook/service/authorservice/authorsvc.go:21.73,22.43 1 1
projects/GoLang-Interns-2022/authorbook/service/authorservice/authorsvc.go:26.2,27.27 2 1
projects/GoLang-Interns-2022/authorbook/service/authorservice/authorsvc.go:31.2,33.15 2 1
projects/GoLang-Interns-2022/authorbook/service/authorservice/authorsvc.go:22.43,24.3 1 1
projects/GoLang-Interns-2022/authorbook/service/authorservice/authorsvc.go:27.27,29.3 1 1
projects/GoLang-Interns-2022/authorbook/service/authorservice/authorsvc.go:37.80,38.43 1 1
projects/GoLang-Interns-2022/authorbook/service/authorservice/authorsvc.go:42.2,43.46 2 1
projects/GoLang-Interns-2022/authorbook/service/authorservice/authorsvc.go:47.2,48.25 2 1
projects/GoLang-Interns-2022/authorbook/service/authorservice/authorsvc.go:52.2,54.15 2 1
projects/GoLang-Interns-2022/authorbook/service/authorservice/authorsvc.go:38.43,40.3 1 1
projects/GoLang-Interns-2022/authorbook/service/authorservice/authorsvc.go:43.46,45.3 1 1
projects/GoLang-Interns-2022/authorbook/service/authorservice/authorsvc.go:48.25,50.3 1 1
projects/GoLang-Interns-2022/authorbook/service/authorservice/authorsvc.go:58.52,59.12 1 1
projects/GoLang-Interns-2022/authorbook/service/authorservice/authorsvc.go:63.2,64.34 2 1
projects/GoLang-Interns-2022/authorbook/service/authorservice/authorsvc.go:68.2,68.23 1 1
projects/GoLang-Interns-2022/authorbook/service/authorservice/authorsvc.go:59.12,61.3 1 1
projects/GoLang-Interns-2022/authorbook/service/authorservice/authorsvc.go:64.34,66.3 1 1
projects/GoLang-Interns-2022/authorbook/service/authorservice/authorsvc.go:72.32,78.9 5 1
projects/GoLang-Interns-2022/authorbook/service/authorservice/authorsvc.go:87.2,87.13 1 1
projects/GoLang-Interns-2022/authorbook/service/authorservice/authorsvc.go:79.28,80.15 1 1
projects/GoLang-Interns-2022/authorbook/service/authorservice/authorsvc.go:81.32,82.15 1 1
projects/GoLang-Interns-2022/authorbook/service/authorservice/authorsvc.go:83.17,84.15 1 1
projects/GoLang-Interns-2022/authorbook/http/bookhttp/bookhttp.go:20.49,22.2 1 1
projects/GoLang-Interns-2022/authorbook/http/bookhttp/bookhttp.go:25.75,30.16 4 1
projects/GoLang-Interns-2022/authorbook/http/bookhttp/bookhttp.go:37.2,38.16 2 1
projects/GoLang-Interns-2022/authorbook/http/bookhttp/bookhttp.go:45.2,46.22 2 1
projects/GoLang-Interns-2022/authorbook/http/bookhttp/bookhttp.go:30.16,35.3 3 1
projects/GoLang-Interns-2022/authorbook/http/bookhttp/bookhttp.go:38.16,43.3 3 0
projects/GoLang-Interns-2022/authorbook/http/bookhttp/bookhttp.go:50.76,54.26 3 1
projects/GoLang-Interns-2022/authorbook/http/bookhttp/bookhttp.go:61.2,62.16 2 1
projects/GoLang-Interns-2022/authorbook/http/bookhttp/bookhttp.go:69.2,70.16 2 1
projects/GoLang-Interns-2022/authorbook/http/bookhttp/bookhttp.go:75.2,76.22 2 1
projects/GoLang-Interns-2022/authorbook/http/bookhttp/bookhttp.go:54.26,59.3 3 1
projects/GoLang-Interns-2022/authorbook/http/bookhttp/bookhttp.go:62.16,67.3 3 0
projects/GoLang-Interns-2022/authorbook/http/bookhttp/bookhttp.go:70.16,73.3 2 0
projects/GoLang-Interns-2022/authorbook/http/bookhttp/bookhttp.go:80.69,84.16 3 1
projects/GoLang-Interns-2022/authorbook/http/bookhttp/bookhttp.go:91.2,92.16 2 1
projects/GoLang-Interns-2022/authorbook/http/bookhttp/bookhttp.go:99.2,100.16 2 1
projects/GoLang-Interns-2022/authorbook/http/bookhttp/bookhttp.go:107.2,108.16 2 1
projects/GoLang-Interns-2022/authorbook/http/bookhttp/bookhttp.go:115.2,116.22 2 1
projects/GoLang-Interns-2022/authorbook/http/bookhttp/bookhttp.go:84.16,89.3 3 0
projects/GoLang-Interns-2022/authorbook/http/bookhttp/bookhttp.go:92.16,97.3 3 1
projects/GoLang-Interns-2022/authorbook/http/bookhttp/bookhttp.go:100.16,105.3 3 1
projects/GoLang-Interns-2022/authorbook/http/bookhttp/bookhttp.go:108.16,113.3 3 0
projects/GoLang-Interns-2022/authorbook/http/bookhttp/bookhttp.go:120.68,122.16 2 1
projects/GoLang-Interns-2022/authorbook/http/bookhttp/bookhttp.go:129.2,132.16 3 1
projects/GoLang-Interns-2022/authorbook/http/bookhttp/bookhttp.go:139.2,143.16 4 1
projects/GoLang-Interns-2022/authorbook/http/bookhttp/bookhttp.go:149.2,150.16 2 1
projects/GoLang-Interns-2022/authorbook/http/bookhttp/bookhttp.go:155.2,156.22 2 1
projects/GoLang-Interns-2022/authorbook/http/bookhttp/bookhttp.go:122.16,127.3 3 0
projects/GoLang-Interns-2022/authorbook/http/bookhttp/bookhttp.go:132.16,137.3 3 1
projects/GoLang-Interns-2022/authorbook/http/bookhttp/bookhttp.go:143.16,147.3 3 1
projects/GoLang-Interns-2022/authorbook/http/bookhttp/bookhttp.go:150.16,153.3 2 0
projects/GoLang-Interns-2022/authorbook/http/bookhttp/bookhttp.go:160.71,164.26 3 1
projects/GoLang-Interns-2022/authorbook/http/bookhttp/bookhttp.go:170.2,171.16 2 1
projects/GoLang-Interns-2022/authorbook/http/bookhttp/bookhttp.go:178.2,179.48 2 1
projects/GoLang-Interns-2022/authorbook/http/bookhttp/bookhttp.go:164.26,168.3 3 1
projects/GoLang-Interns-2022/authorbook/http/bookhttp/bookhttp.go:171.16,176.3 3 1
projects/GoLang-Interns-2022/authorbook/http/authorhttp/authorhttp.go:20.49,22.2 1 1
projects/GoLang-Interns-2022/authorbook/http/authorhttp/authorhttp.go:25.71,29.16 3 1
projects/GoLang-Interns-2022/authorbook/http/authorhttp/authorhttp.go:34.2,35.16 2 1
projects/GoLang-Interns-2022/authorbook/http/authorhttp/authorhttp.go:40.2,41.16 2 1
projects/GoLang-Interns-2022/authorbook/http/authorhttp/authorhttp.go:46.2,47.16 2 1
projects/GoLang-Interns-2022/authorbook/http/authorhttp/authorhttp.go:52.2,53.20 2 1
projects/GoLang-Interns-2022/authorbook/http/authorhttp/authorhttp.go:29.16,32.3 2 0
projects/GoLang-Interns-2022/authorbook/http/authorhttp/authorhttp.go:35.16,38.3 2 1
projects/GoLang-Interns-2022/authorbook/http/authorhttp/authorhttp.go:41.16,44.3 2 1
projects/GoLang-Interns-2022/authorbook/http/authorhttp/authorhttp.go:47.16,50.3 2 0
projects/GoLang-Interns-2022/authorbook/http/authorhttp/authorhttp.go:57.70,61.16 3 1
projects/GoLang-Interns-2022/authorbook/http/authorhttp/authorhttp.go:66.2,67.16 2 1
projects/GoLang-Interns-2022/authorbook/http/authorhttp/authorhttp.go:73.2,75.16 3 1
projects/GoLang-Interns-2022/authorbook/http/authorhttp/authorhttp.go:80.2,81.16 2 1
projects/GoLang-Interns-2022/authorbook/http/authorhttp/authorhttp.go:88.2,89.16 2 1
projects/GoLang-Interns-2022/authorbook/http/authorhttp/authorhttp.go:94.2,95.22 2 1
projects/GoLang-Interns-2022/authorbook/http/authorhttp/authorhttp.go:61.16,64.3 2 0
projects/GoLang-Interns-2022/authorbook/http/authorhttp/authorhttp.go:67.16,71.3 3 1
projects/GoLang-Interns-2022/authorbook/http/authorhttp/authorhttp.go:75.16,78.3 2 1
projects/GoLang-Interns-2022/authorbook/http/authorhttp/authorhttp.go:81.16,86.3 4 1
projects/GoLang-Interns-2022/authorbook/http/authorhttp/authorhttp.go:89.16,92.3 2 0
projects/GoLang-Interns-2022/authorbook/http/authorhttp/authorhttp.go:99.73,103.16 3 1
projects/GoLang-Interns-2022/authorbook/http/authorhttp/authorhttp.go:108.2,109.16 2 1
projects/GoLang-Interns-2022/authorbook/http/authorhttp/authorhttp.go:116.2,117.49 2 1
projects/GoLang-Interns-2022/authorbook/http/authorhttp/authorhttp.go:103.16,106.3 2 1
projects/GoLang-Interns-2022/authorbook/http/authorhttp/authorhttp.go:109.16,114.3 3 1
projects/GoLang-Interns-2022/authorbook/service/bookservice/booksvc.go:17.66,19.2 1 1
projects/GoLang-Interns-2022/authorbook/service/bookservice/booksvc.go:22.87,28.17 2 1
projects/GoLang-Interns-2022/authorbook/service/bookservice/booksvc.go:42.2,42.29 1 0
projects/GoLang-Interns-2022/authorbook/service/bookservice/booksvc.go:54.2,54.19 1 0
projects/GoLang-Interns-2022/authorbook/service/bookservice/booksvc.go:28.17,30.17 2 1
projects/GoLang-Interns-2022/authorbook/service/bookservice/booksvc.go:30.17,33.4 2 1
projects/GoLang-Interns-2022/authorbook/service/bookservice/booksvc.go:34.8,36.17 2 1
projects/GoLang-Interns-2022/authorbook/service/bookservice/booksvc.go:36.17,39.4 2 1
projects/GoLang-Interns-2022/authorbook/service/bookservice/booksvc.go:42.29,43.24 1 0
projects/GoLang-Interns-2022/authorbook/service/bookservice/booksvc.go:43.24,45.18 2 0
projects/GoLang-Interns-2022/authorbook/service/bookservice/booksvc.go:50.4,50.28 1 0
projects/GoLang-Interns-2022/authorbook/service/bookservice/booksvc.go:45.18,48.5 2 0
projects/GoLang-Interns-2022/authorbook/service/bookservice/booksvc.go:58.65,59.13 1 1
projects/GoLang-Interns-2022/authorbook/service/bookservice/booksvc.go:63.2,64.16 2 1
projects/GoLang-Interns-2022/authorbook/service/bookservice/booksvc.go:69.2,69.18 1 0
projects/GoLang-Interns-2022/authorbook/service/bookservice/booksvc.go:59.13,61.3 1 1
projects/GoLang-Interns-2022/authorbook/service/bookservice/booksvc.go:64.16,67.3 2 1
projects/GoLang-Interns-2022/authorbook/service/bookservice/booksvc.go:73.71,74.81 1 1
projects/GoLang-Interns-2022/authorbook/service/bookservice/booksvc.go:78.2,79.16 2 1
projects/GoLang-Interns-2022/authorbook/service/bookservice/booksvc.go:83.2,84.28 2 1
projects/GoLang-Interns-2022/authorbook/service/bookservice/booksvc.go:88.2,91.19 3 1
projects/GoLang-Interns-2022/authorbook/service/bookservice/booksvc.go:74.81,76.3 1 1
projects/GoLang-Interns-2022/authorbook/service/bookservice/booksvc.go:79.16,81.3 1 1
projects/GoLang-Interns-2022/authorbook/service/bookservice/booksvc.go:84.28,86.3 1 0
projects/GoLang-Interns-2022/authorbook/service/bookservice/booksvc.go:95.78,96.82 1 1
projects/GoLang-Interns-2022/authorbook/service/bookservice/booksvc.go:100.2,101.30 2 1
projects/GoLang-Interns-2022/authorbook/service/bookservice/booksvc.go:104.2,104.19 1 1
projects/GoLang-Interns-2022/authorbook/service/bookservice/booksvc.go:96.82,98.3 1 1
projects/GoLang-Interns-2022/authorbook/service/bookservice/booksvc.go:101.30,103.3 1 1
projects/GoLang-Interns-2022/authorbook/service/bookservice/booksvc.go:108.50,109.12 1 1
projects/GoLang-Interns-2022/authorbook/service/bookservice/booksvc.go:113.2,114.30 2 1
projects/GoLang-Interns-2022/authorbook/service/bookservice/booksvc.go:118.2,118.19 1 1
projects/GoLang-Interns-2022/authorbook/service/bookservice/booksvc.go:109.12,111.3 1 1
projects/GoLang-Interns-2022/authorbook/service/bookservice/booksvc.go:114.30,116.3 1 1
projects/GoLang-Interns-2022/authorbook/service/bookservice/booksvc.go:122.48,126.2 2 1
projects/GoLang-Interns-2022/authorbook/store/author/authorsql.go:14.28,16.2 1 1
projects/GoLang-Interns-2022/authorbook/store/author/authorsql.go:19.58,22.16 2 1
projects/GoLang-Interns-2022/authorbook/store/author/authorsql.go:27.2,28.16 2 1
projects/GoLang-Interns-2022/authorbook/store/author/authorsql.go:32.2,32.21 1 1
projects/GoLang-Interns-2022/authorbook/store/author/authorsql.go:22.16,25.3 2 1
projects/GoLang-Interns-2022/authorbook/store/author/authorsql.go:28.16,30.3 1 1
projects/GoLang-Interns-2022/authorbook/store/author/authorsql.go:36.65,39.16 2 1
projects/GoLang-Interns-2022/authorbook/store/author/authorsql.go:44.2,44.29 1 1
projects/GoLang-Interns-2022/authorbook/store/author/authorsql.go:39.16,42.3 2 1
projects/GoLang-Interns-2022/authorbook/store/author/authorsql.go:48.44,50.16 2 1
projects/GoLang-Interns-2022/authorbook/store/author/authorsql.go:54.2,55.16 2 1
projects/GoLang-Interns-2022/authorbook/store/author/authorsql.go:59.2,59.24 1 1
projects/GoLang-Interns-2022/authorbook/store/author/authorsql.go:50.16,52.3 1 1
projects/GoLang-Interns-2022/authorbook/store/author/authorsql.go:55.16,57.3 1 1
projects/GoLang-Interns-2022/authorbook/store/author/authorsql.go:63.63,68.118 3 1
projects/GoLang-Interns-2022/authorbook/store/author/authorsql.go:73.2,73.20 1 1
projects/GoLang-Interns-2022/authorbook/store/author/authorsql.go:68.118,71.3 2 1
projects/GoLang-Interns-2022/authorbook/store/book/booksql.go:14.28,16.2 1 1
projects/GoLang-Interns-2022/authorbook/store/book/booksql.go:19.55,27.16 3 1
projects/GoLang-Interns-2022/authorbook/store/book/booksql.go:30.2,32.18 2 1
projects/GoLang-Interns-2022/authorbook/store/book/booksql.go:43.2,43.19 1 1
projects/GoLang-Interns-2022/authorbook/store/book/booksql.go:27.16,29.3 1 1
projects/GoLang-Interns-2022/authorbook/store/book/booksql.go:32.18,36.17 3 1
projects/GoLang-Interns-2022/authorbook/store/book/booksql.go:40.3,40.30 1 1
projects/GoLang-Interns-2022/authorbook/store/book/booksql.go:36.17,38.4 1 0
projects/GoLang-Interns-2022/authorbook/store/book/booksql.go:47.72,55.16 3 1
projects/GoLang-Interns-2022/authorbook/store/book/booksql.go:59.2,61.18 2 1
projects/GoLang-Interns-2022/authorbook/store/book/booksql.go:72.2,72.19 1 1
projects/GoLang-Interns-2022/authorbook/store/book/booksql.go:55.16,58.3 2 1
projects/GoLang-Interns-2022/authorbook/store/book/booksql.go:61.18,65.17 3 1
projects/GoLang-Interns-2022/authorbook/store/book/booksql.go:69.3,69.30 1 1
projects/GoLang-Interns-2022/authorbook/store/book/booksql.go:65.17,67.4 1 0
projects/GoLang-Interns-2022/authorbook/store/book/booksql.go:76.60,82.16 4 1
projects/GoLang-Interns-2022/authorbook/store/book/booksql.go:87.2,87.18 1 1
projects/GoLang-Interns-2022/authorbook/store/book/booksql.go:82.16,85.3 2 1
projects/GoLang-Interns-2022/authorbook/store/book/booksql.go:91.56,94.16 2 1
projects/GoLang-Interns-2022/authorbook/store/book/booksql.go:99.2,100.16 2 1
projects/GoLang-Interns-2022/authorbook/store/book/booksql.go:105.2,105.21 1 1
projects/GoLang-Interns-2022/authorbook/store/book/booksql.go:94.16,97.3 2 1
projects/GoLang-Interns-2022/authorbook/store/book/booksql.go:100.16,103.3 2 1
projects/GoLang-Interns-2022/authorbook/store/book/booksql.go:109.63,112.16 2 1
projects/GoLang-Interns-2022/authorbook/store/book/booksql.go:116.2,117.16 2 1
projects/GoLang-Interns-2022/authorbook/store/book/booksql.go:121.2,121.21 1 1
projects/GoLang-Interns-2022/authorbook/store/book/booksql.go:112.16,114.3 1 1
projects/GoLang-Interns-2022/authorbook/store/book/booksql.go:117.16,119.3 1 1
projects/GoLang-Interns-2022/authorbook/store/book/booksql.go:125.45,127.16 2 1
projects/GoLang-Interns-2022/authorbook/store/book/booksql.go:131.2,132.16 2 1
projects/GoLang-Interns-2022/authorbook/store/book/booksql.go:136.2,136.24 1 1
projects/GoLang-Interns-2022/authorbook/store/book/booksql.go:127.16,129.3 1 1
projects/GoLang-Interns-2022/authorbook/store/book/booksql.go:132.16,134.3 1 1
