mode: set
projects/GoLang-Interns-2022/authorbook/service/authorservice/author.go:18.46,20.2 1 1
projects/GoLang-Interns-2022/authorbook/service/authorservice/author.go:23.94,24.43 1 1
projects/GoLang-Interns-2022/authorbook/service/authorservice/author.go:28.2,29.27 2 1
projects/GoLang-Interns-2022/authorbook/service/authorservice/author.go:33.2,35.15 2 1
projects/GoLang-Interns-2022/authorbook/service/authorservice/author.go:24.43,26.3 1 1
projects/GoLang-Interns-2022/authorbook/service/authorservice/author.go:29.27,31.3 1 1
projects/GoLang-Interns-2022/authorbook/service/authorservice/author.go:39.101,40.43 1 1
projects/GoLang-Interns-2022/authorbook/service/authorservice/author.go:44.2,45.46 2 1
projects/GoLang-Interns-2022/authorbook/service/authorservice/author.go:49.2,50.16 2 1
projects/GoLang-Interns-2022/authorbook/service/authorservice/author.go:54.2,56.15 2 1
projects/GoLang-Interns-2022/authorbook/service/authorservice/author.go:40.43,42.3 1 1
projects/GoLang-Interns-2022/authorbook/service/authorservice/author.go:45.46,47.3 1 1
projects/GoLang-Interns-2022/authorbook/service/authorservice/author.go:50.16,52.3 1 1
projects/GoLang-Interns-2022/authorbook/service/authorservice/author.go:60.73,61.12 1 1
projects/GoLang-Interns-2022/authorbook/service/authorservice/author.go:65.2,66.34 2 1
projects/GoLang-Interns-2022/authorbook/service/authorservice/author.go:70.2,70.23 1 1
projects/GoLang-Interns-2022/authorbook/service/authorservice/author.go:61.12,63.3 1 1
projects/GoLang-Interns-2022/authorbook/service/authorservice/author.go:66.34,68.3 1 1
projects/GoLang-Interns-2022/authorbook/service/authorservice/author.go:74.32,80.9 5 1
projects/GoLang-Interns-2022/authorbook/service/authorservice/author.go:89.2,89.13 1 1
projects/GoLang-Interns-2022/authorbook/service/authorservice/author.go:81.28,82.15 1 1
projects/GoLang-Interns-2022/authorbook/service/authorservice/author.go:83.32,84.15 1 1
projects/GoLang-Interns-2022/authorbook/service/authorservice/author.go:85.17,86.15 1 1
projects/GoLang-Interns-2022/authorbook/service/bookservice/book.go:19.66,21.2 1 1
projects/GoLang-Interns-2022/authorbook/service/bookservice/book.go:24.108,30.17 2 1
projects/GoLang-Interns-2022/authorbook/service/bookservice/book.go:44.2,44.29 1 0
projects/GoLang-Interns-2022/authorbook/service/bookservice/book.go:56.2,56.19 1 0
projects/GoLang-Interns-2022/authorbook/service/bookservice/book.go:30.17,32.17 2 1
projects/GoLang-Interns-2022/authorbook/service/bookservice/book.go:32.17,35.4 2 1
projects/GoLang-Interns-2022/authorbook/service/bookservice/book.go:36.8,38.17 2 1
projects/GoLang-Interns-2022/authorbook/service/bookservice/book.go:38.17,41.4 2 1
projects/GoLang-Interns-2022/authorbook/service/bookservice/book.go:44.29,45.24 1 0
projects/GoLang-Interns-2022/authorbook/service/bookservice/book.go:45.24,47.18 2 0
projects/GoLang-Interns-2022/authorbook/service/bookservice/book.go:52.4,52.28 1 0
projects/GoLang-Interns-2022/authorbook/service/bookservice/book.go:47.18,50.5 2 0
projects/GoLang-Interns-2022/authorbook/service/bookservice/book.go:60.86,61.13 1 1
projects/GoLang-Interns-2022/authorbook/service/bookservice/book.go:65.2,66.16 2 1
projects/GoLang-Interns-2022/authorbook/service/bookservice/book.go:71.2,71.18 1 0
projects/GoLang-Interns-2022/authorbook/service/bookservice/book.go:61.13,63.3 1 1
projects/GoLang-Interns-2022/authorbook/service/bookservice/book.go:66.16,69.3 2 1
projects/GoLang-Interns-2022/authorbook/service/bookservice/book.go:75.92,76.81 1 1
projects/GoLang-Interns-2022/authorbook/service/bookservice/book.go:80.2,81.16 2 1
projects/GoLang-Interns-2022/authorbook/service/bookservice/book.go:85.2,86.28 2 1
projects/GoLang-Interns-2022/authorbook/service/bookservice/book.go:90.2,93.19 3 1
projects/GoLang-Interns-2022/authorbook/service/bookservice/book.go:76.81,78.3 1 1
projects/GoLang-Interns-2022/authorbook/service/bookservice/book.go:81.16,83.3 1 1
projects/GoLang-Interns-2022/authorbook/service/bookservice/book.go:86.28,88.3 1 0
projects/GoLang-Interns-2022/authorbook/service/bookservice/book.go:97.99,98.82 1 1
projects/GoLang-Interns-2022/authorbook/service/bookservice/book.go:102.2,103.30 2 1
projects/GoLang-Interns-2022/authorbook/service/bookservice/book.go:107.2,107.19 1 1
projects/GoLang-Interns-2022/authorbook/service/bookservice/book.go:98.82,100.3 1 1
projects/GoLang-Interns-2022/authorbook/service/bookservice/book.go:103.30,105.3 1 1
projects/GoLang-Interns-2022/authorbook/service/bookservice/book.go:111.71,112.12 1 1
projects/GoLang-Interns-2022/authorbook/service/bookservice/book.go:116.2,117.30 2 1
projects/GoLang-Interns-2022/authorbook/service/bookservice/book.go:121.2,121.19 1 1
projects/GoLang-Interns-2022/authorbook/service/bookservice/book.go:112.12,114.3 1 1
projects/GoLang-Interns-2022/authorbook/service/bookservice/book.go:117.30,119.3 1 1
projects/GoLang-Interns-2022/authorbook/service/bookservice/book.go:125.48,129.2 2 1
projects/GoLang-Interns-2022/authorbook/http/authorhttp/author.go:21.49,23.2 1 1
projects/GoLang-Interns-2022/authorbook/http/authorhttp/author.go:26.71,30.16 3 1
projects/GoLang-Interns-2022/authorbook/http/authorhttp/author.go:35.2,36.16 2 1
projects/GoLang-Interns-2022/authorbook/http/authorhttp/author.go:41.2,44.16 3 1
projects/GoLang-Interns-2022/authorbook/http/authorhttp/author.go:51.2,52.16 2 1
projects/GoLang-Interns-2022/authorbook/http/authorhttp/author.go:57.2,58.20 2 1
projects/GoLang-Interns-2022/authorbook/http/authorhttp/author.go:30.16,33.3 2 0
projects/GoLang-Interns-2022/authorbook/http/authorhttp/author.go:36.16,39.3 2 1
projects/GoLang-Interns-2022/authorbook/http/authorhttp/author.go:44.16,49.3 3 1
projects/GoLang-Interns-2022/authorbook/http/authorhttp/author.go:52.16,55.3 2 0
projects/GoLang-Interns-2022/authorbook/http/authorhttp/author.go:62.70,66.16 3 1
projects/GoLang-Interns-2022/authorbook/http/authorhttp/author.go:71.2,72.16 2 1
projects/GoLang-Interns-2022/authorbook/http/authorhttp/author.go:79.2,82.16 3 1
projects/GoLang-Interns-2022/authorbook/http/authorhttp/author.go:87.2,90.16 3 1
projects/GoLang-Interns-2022/authorbook/http/authorhttp/author.go:97.2,98.16 2 1
projects/GoLang-Interns-2022/authorbook/http/authorhttp/author.go:103.2,104.22 2 1
projects/GoLang-Interns-2022/authorbook/http/authorhttp/author.go:66.16,69.3 2 0
projects/GoLang-Interns-2022/authorbook/http/authorhttp/author.go:72.16,77.3 3 1
projects/GoLang-Interns-2022/authorbook/http/authorhttp/author.go:82.16,85.3 2 1
projects/GoLang-Interns-2022/authorbook/http/authorhttp/author.go:90.16,95.3 3 1
projects/GoLang-Interns-2022/authorbook/http/authorhttp/author.go:98.16,101.3 2 0
projects/GoLang-Interns-2022/authorbook/http/authorhttp/author.go:108.73,112.16 3 1
projects/GoLang-Interns-2022/authorbook/http/authorhttp/author.go:117.2,120.16 3 1
projects/GoLang-Interns-2022/authorbook/http/authorhttp/author.go:127.2,128.49 2 1
projects/GoLang-Interns-2022/authorbook/http/authorhttp/author.go:112.16,115.3 2 1
projects/GoLang-Interns-2022/authorbook/http/authorhttp/author.go:120.16,125.3 3 1
projects/GoLang-Interns-2022/authorbook/http/bookhttp/book.go:21.49,23.2 1 1
projects/GoLang-Interns-2022/authorbook/http/bookhttp/book.go:26.75,32.16 5 1
projects/GoLang-Interns-2022/authorbook/http/bookhttp/book.go:39.2,40.16 2 1
projects/GoLang-Interns-2022/authorbook/http/bookhttp/book.go:47.2,48.22 2 1
projects/GoLang-Interns-2022/authorbook/http/bookhttp/book.go:32.16,37.3 3 1
projects/GoLang-Interns-2022/authorbook/http/bookhttp/book.go:40.16,45.3 3 0
projects/GoLang-Interns-2022/authorbook/http/bookhttp/book.go:52.76,56.26 3 1
projects/GoLang-Interns-2022/authorbook/http/bookhttp/book.go:63.2,66.16 3 1
projects/GoLang-Interns-2022/authorbook/http/bookhttp/book.go:73.2,74.16 2 1
projects/GoLang-Interns-2022/authorbook/http/bookhttp/book.go:79.2,80.22 2 1
projects/GoLang-Interns-2022/authorbook/http/bookhttp/book.go:56.26,61.3 3 1
projects/GoLang-Interns-2022/authorbook/http/bookhttp/book.go:66.16,71.3 3 0
projects/GoLang-Interns-2022/authorbook/http/bookhttp/book.go:74.16,77.3 2 0
projects/GoLang-Interns-2022/authorbook/http/bookhttp/book.go:84.69,88.16 3 1
projects/GoLang-Interns-2022/authorbook/http/bookhttp/book.go:95.2,96.16 2 1
projects/GoLang-Interns-2022/authorbook/http/bookhttp/book.go:103.2,106.16 3 1
projects/GoLang-Interns-2022/authorbook/http/bookhttp/book.go:113.2,114.16 2 1
projects/GoLang-Interns-2022/authorbook/http/bookhttp/book.go:122.2,123.22 2 1
projects/GoLang-Interns-2022/authorbook/http/bookhttp/book.go:88.16,93.3 3 0
projects/GoLang-Interns-2022/authorbook/http/bookhttp/book.go:96.16,101.3 3 1
projects/GoLang-Interns-2022/authorbook/http/bookhttp/book.go:106.16,111.3 3 1
projects/GoLang-Interns-2022/authorbook/http/bookhttp/book.go:114.16,120.3 3 0
projects/GoLang-Interns-2022/authorbook/http/bookhttp/book.go:127.68,129.16 2 1
projects/GoLang-Interns-2022/authorbook/http/bookhttp/book.go:136.2,139.16 3 1
projects/GoLang-Interns-2022/authorbook/http/bookhttp/book.go:146.2,151.16 5 1
projects/GoLang-Interns-2022/authorbook/http/bookhttp/book.go:158.2,159.16 2 1
projects/GoLang-Interns-2022/authorbook/http/bookhttp/book.go:164.2,165.22 2 1
projects/GoLang-Interns-2022/authorbook/http/bookhttp/book.go:129.16,134.3 3 0
projects/GoLang-Interns-2022/authorbook/http/bookhttp/book.go:139.16,144.3 3 1
projects/GoLang-Interns-2022/authorbook/http/bookhttp/book.go:151.16,156.3 3 1
projects/GoLang-Interns-2022/authorbook/http/bookhttp/book.go:159.16,162.3 2 0
projects/GoLang-Interns-2022/authorbook/http/bookhttp/book.go:169.71,173.26 3 1
projects/GoLang-Interns-2022/authorbook/http/bookhttp/book.go:180.2,183.16 3 1
projects/GoLang-Interns-2022/authorbook/http/bookhttp/book.go:190.2,191.48 2 1
projects/GoLang-Interns-2022/authorbook/http/bookhttp/book.go:173.26,178.3 3 1
projects/GoLang-Interns-2022/authorbook/http/bookhttp/book.go:183.16,188.3 3 1
projects/GoLang-Interns-2022/authorbook/store/author/authorsql.go:16.28,18.2 1 1
projects/GoLang-Interns-2022/authorbook/store/author/authorsql.go:21.79,24.16 2 1
projects/GoLang-Interns-2022/authorbook/store/author/authorsql.go:29.2,30.16 2 1
projects/GoLang-Interns-2022/authorbook/store/author/authorsql.go:34.2,34.21 1 1
projects/GoLang-Interns-2022/authorbook/store/author/authorsql.go:24.16,27.3 2 1
projects/GoLang-Interns-2022/authorbook/store/author/authorsql.go:30.16,32.3 1 1
projects/GoLang-Interns-2022/authorbook/store/author/authorsql.go:38.86,41.16 2 1
projects/GoLang-Interns-2022/authorbook/store/author/authorsql.go:46.2,46.29 1 1
projects/GoLang-Interns-2022/authorbook/store/author/authorsql.go:41.16,44.3 2 1
projects/GoLang-Interns-2022/authorbook/store/author/authorsql.go:50.65,52.16 2 1
projects/GoLang-Interns-2022/authorbook/store/author/authorsql.go:56.2,57.16 2 1
projects/GoLang-Interns-2022/authorbook/store/author/authorsql.go:61.2,61.24 1 1
projects/GoLang-Interns-2022/authorbook/store/author/authorsql.go:52.16,54.3 1 1
projects/GoLang-Interns-2022/authorbook/store/author/authorsql.go:57.16,59.3 1 1
projects/GoLang-Interns-2022/authorbook/store/author/authorsql.go:65.84,70.118 3 1
projects/GoLang-Interns-2022/authorbook/store/author/authorsql.go:74.2,74.20 1 1
projects/GoLang-Interns-2022/authorbook/store/author/authorsql.go:70.118,72.3 1 1
projects/GoLang-Interns-2022/authorbook/store/book/booksql.go:16.28,18.2 1 1
projects/GoLang-Interns-2022/authorbook/store/book/booksql.go:21.74,29.16 3 1
projects/GoLang-Interns-2022/authorbook/store/book/booksql.go:32.2,34.18 2 1
projects/GoLang-Interns-2022/authorbook/store/book/booksql.go:45.2,45.19 1 1
projects/GoLang-Interns-2022/authorbook/store/book/booksql.go:29.16,31.3 1 1
projects/GoLang-Interns-2022/authorbook/store/book/booksql.go:34.18,38.17 3 1
projects/GoLang-Interns-2022/authorbook/store/book/booksql.go:42.3,42.30 1 1
projects/GoLang-Interns-2022/authorbook/store/book/booksql.go:38.17,40.4 1 0
projects/GoLang-Interns-2022/authorbook/store/book/booksql.go:49.93,57.16 3 1
projects/GoLang-Interns-2022/authorbook/store/book/booksql.go:61.2,63.18 2 1
projects/GoLang-Interns-2022/authorbook/store/book/booksql.go:74.2,74.19 1 1
projects/GoLang-Interns-2022/authorbook/store/book/booksql.go:57.16,60.3 2 1
projects/GoLang-Interns-2022/authorbook/store/book/booksql.go:63.18,67.17 3 1
projects/GoLang-Interns-2022/authorbook/store/book/booksql.go:71.3,71.30 1 1
projects/GoLang-Interns-2022/authorbook/store/book/booksql.go:67.17,69.4 1 0
projects/GoLang-Interns-2022/authorbook/store/book/booksql.go:78.81,84.16 4 1
projects/GoLang-Interns-2022/authorbook/store/book/booksql.go:89.2,89.18 1 1
projects/GoLang-Interns-2022/authorbook/store/book/booksql.go:84.16,87.3 2 1
projects/GoLang-Interns-2022/authorbook/store/book/booksql.go:93.77,96.16 2 1
projects/GoLang-Interns-2022/authorbook/store/book/booksql.go:101.2,102.16 2 1
projects/GoLang-Interns-2022/authorbook/store/book/booksql.go:107.2,107.21 1 1
projects/GoLang-Interns-2022/authorbook/store/book/booksql.go:96.16,99.3 2 1
projects/GoLang-Interns-2022/authorbook/store/book/booksql.go:102.16,105.3 2 1
projects/GoLang-Interns-2022/authorbook/store/book/booksql.go:111.84,114.16 2 1
projects/GoLang-Interns-2022/authorbook/store/book/booksql.go:118.2,119.16 2 1
projects/GoLang-Interns-2022/authorbook/store/book/booksql.go:123.2,123.21 1 1
projects/GoLang-Interns-2022/authorbook/store/book/booksql.go:114.16,116.3 1 1
projects/GoLang-Interns-2022/authorbook/store/book/booksql.go:119.16,121.3 1 1
projects/GoLang-Interns-2022/authorbook/store/book/booksql.go:127.66,129.16 2 1
projects/GoLang-Interns-2022/authorbook/store/book/booksql.go:133.2,134.16 2 1
projects/GoLang-Interns-2022/authorbook/store/book/booksql.go:138.2,138.24 1 1
projects/GoLang-Interns-2022/authorbook/store/book/booksql.go:129.16,131.3 1 1
projects/GoLang-Interns-2022/authorbook/store/book/booksql.go:134.16,136.3 1 1
