mode: set
projects/GoLang-Interns-2022/authorbook/service/bookservice/booksvc.go:13.42,15.2 1 1
projects/GoLang-Interns-2022/authorbook/service/bookservice/booksvc.go:17.79,20.2 2 1
projects/GoLang-Interns-2022/authorbook/service/bookservice/booksvc.go:22.66,23.13 1 1
projects/GoLang-Interns-2022/authorbook/service/bookservice/booksvc.go:27.2,29.18 2 1
projects/GoLang-Interns-2022/authorbook/service/bookservice/booksvc.go:23.13,25.3 1 1
projects/GoLang-Interns-2022/authorbook/service/bookservice/booksvc.go:32.76,33.81 1 1
projects/GoLang-Interns-2022/authorbook/service/bookservice/booksvc.go:37.2,38.28 2 1
projects/GoLang-Interns-2022/authorbook/service/bookservice/booksvc.go:42.2,44.19 2 1
projects/GoLang-Interns-2022/authorbook/service/bookservice/booksvc.go:33.81,35.3 1 1
projects/GoLang-Interns-2022/authorbook/service/bookservice/booksvc.go:38.28,40.3 1 1
projects/GoLang-Interns-2022/authorbook/service/bookservice/booksvc.go:47.83,48.82 1 0
projects/GoLang-Interns-2022/authorbook/service/bookservice/booksvc.go:52.2,53.28 2 0
projects/GoLang-Interns-2022/authorbook/service/bookservice/booksvc.go:57.2,59.19 2 0
projects/GoLang-Interns-2022/authorbook/service/bookservice/booksvc.go:48.82,50.3 1 0
projects/GoLang-Interns-2022/authorbook/service/bookservice/booksvc.go:53.28,55.3 1 0
projects/GoLang-Interns-2022/authorbook/service/bookservice/booksvc.go:62.55,63.12 1 1
projects/GoLang-Interns-2022/authorbook/service/bookservice/booksvc.go:67.2,68.27 2 1
projects/GoLang-Interns-2022/authorbook/service/bookservice/booksvc.go:72.2,72.15 1 1
projects/GoLang-Interns-2022/authorbook/service/bookservice/booksvc.go:63.12,65.3 1 1
projects/GoLang-Interns-2022/authorbook/service/bookservice/booksvc.go:68.27,70.3 1 0
projects/GoLang-Interns-2022/authorbook/service/bookservice/booksvc.go:75.48,79.2 2 1
projects/GoLang-Interns-2022/authorbook/service/bookservice/mockFunctions.go:7.72,8.36 1 1
projects/GoLang-Interns-2022/authorbook/service/bookservice/mockFunctions.go:13.2,13.48 1 1
projects/GoLang-Interns-2022/authorbook/service/bookservice/mockFunctions.go:19.2,19.26 1 0
projects/GoLang-Interns-2022/authorbook/service/bookservice/mockFunctions.go:8.36,12.3 1 1
projects/GoLang-Interns-2022/authorbook/service/bookservice/mockFunctions.go:13.48,17.3 1 1
projects/GoLang-Interns-2022/authorbook/service/bookservice/mockFunctions.go:22.53,23.12 1 1
projects/GoLang-Interns-2022/authorbook/service/bookservice/mockFunctions.go:27.2,27.24 1 0
projects/GoLang-Interns-2022/authorbook/service/bookservice/mockFunctions.go:23.12,26.3 1 1
projects/GoLang-Interns-2022/authorbook/service/bookservice/mockFunctions.go:30.63,31.22 1 1
projects/GoLang-Interns-2022/authorbook/service/bookservice/mockFunctions.go:34.2,34.16 1 1
projects/GoLang-Interns-2022/authorbook/service/bookservice/mockFunctions.go:31.22,33.3 1 1
projects/GoLang-Interns-2022/authorbook/service/bookservice/mockFunctions.go:37.70,38.22 1 0
projects/GoLang-Interns-2022/authorbook/service/bookservice/mockFunctions.go:41.2,41.16 1 0
projects/GoLang-Interns-2022/authorbook/service/bookservice/mockFunctions.go:38.22,40.3 1 0
projects/GoLang-Interns-2022/authorbook/service/bookservice/mockFunctions.go:44.51,45.11 1 1
projects/GoLang-Interns-2022/authorbook/service/bookservice/mockFunctions.go:49.2,49.15 1 1
projects/GoLang-Interns-2022/authorbook/service/bookservice/mockFunctions.go:45.11,47.3 1 0
